<?xml version="1.0" encoding="UTF-8"?>
<testsuite xmlns:xsi="http://www.w3.org/2001/XMLSchema-instance" xsi:noNamespaceSchemaLocation="https://maven.apache.org/surefire/maven-surefire-plugin/xsd/surefire-test-report-3.0.xsd" version="3.0" name="BonLivraisonServletTest" time="0.602" tests="2" errors="0" skipped="0" failures="0">
  <properties>
[...]
</properties>
  <testcase name="testAddBonLivraison" classname="BonLivraisonServletTest" time="0.565">
    <system-out><![CDATA[Servlet Output:
Liste des bons de livraison :
- ID: 100, Date: 2023-12-15, Client: Client ABC

]]></system-out>
  </testcase>
  <testcase name="testMissingParameters" classname="BonLivraisonServletTest" time="0.007"/>
</testsuite>